0,0,3.17371E-06,2.55579E-08,210313
0,0.00025,4.0062E-06,4.40997E-08,261388
0,0.0005,4.79581E-06,4.48594E-08,311565
0,0.00075,4.7936E-06,4.56693E-08,307142
0,0.001,4.7913E-06,4.9222E-08,302536
0,0.00125,4.79511E-06,5.10617E-08,298675
0,0.0015,4.71947E-06,3.1413E-08,294017
0,0.00175,4.68212E-06,3.08745E-08,289813
0,0.002,4.66509E-06,3.10723E-08,285821
0,0.00225,4.63706E-06,3.05227E-08,281885
0,0.0025,4.57607E-06,2.42097E-08,277673
0,0.00275,4.53746E-06,2.11146E-08,273721
0,0.003,4.4911E-06,1.83934E-08,270102
0,0.00325,4.44378E-06,1.81272E-08,266025
0,0.0035,4.39019E-06,1.71481E-08,262221
0,0.00375,4.34853E-06,1.72775E-08,258819
0,0.004,4.30599E-06,1.6767E-08,255559
0,0.00425,4.25462E-06,1.66361E-08,252101
0,0.0045,4.20488E-06,1.65078E-08,248909
0,0.00475,4.14932E-06,1.62098E-08,245643
0,0.005,4.07086E-06,1.57721E-08,241775
0,0.00525,3.99042E-06,1.48786E-08,238151
0,0.0055,3.92886E-06,1.45924E-08,234782
0,0.00575,3.84433E-06,1.32007E-08,230776
0,0.006,3.77413E-06,1.28265E-08,227417
0,0.00625,3.70218E-06,1.3484E-08,223912
0,0.0065,3.63132E-06,1.29952E-08,220959
0,0.00675,3.55239E-06,1.33141E-08,217224
0,0.007,3.47135E-06,1.29961E-08,213925
0,0.00725,3.38969E-06,1.26692E-08,210812
0,0.0075,3.31216E-06,1.23277E-08,207863
0,0.00775,3.24107E-06,1.12457E-08,204600
0,0.008,3.17145E-06,1.10963E-08,201329
0,0.00825,3.1049E-06,9.98835E-09,198509
0,0.0085,3.02833E-06,9.68848E-09,195278
0,0.00875,2.95771E-06,9.68822E-09,192136
0,0.009,2.8846E-06,9.51912E-09,188526
0,0.00925,2.81154E-06,9.19269E-09,185302
0,0.0095,3.07353E-06,9.45399E-09,205379
0,0.00975,3.40843E-06,1.01229E-08,230263
0,0.01,3.75278E-06,1.05583E-08,254983
0,0.01025,4.07899E-06,1.07697E-08,279312
0,0.0105,4.39635E-06,1.13615E-08,303150
0,0.01075,4.67329E-06,1.15715E-08,325655
0,0.011,4.58742E-06,1.15147E-08,323492
0,0.01125,4.40917E-06,1.10067E-08,315620
0,0.0115,4.20327E-06,1.07569E-08,306870
0,0.01175,3.99218E-06,1.04297E-08,297530
0,0.012,3.77356E-06,1.01664E-08,287785
0,0.01225,3.56977E-06,9.93758E-09,278282
0,0.0125,3.3817E-06,9.60978E-09,269505
0,0.01275,3.19888E-06,9.83137E-09,260501
0,0.013,3.02629E-06,9.61368E-09,251955
0,0.01325,2.86246E-06,9.53865E-09,243667
0,0.0135,2.70915E-06,9.01335E-09,235514
0,0.01375,2.56756E-06,8.80076E-09,228078
0,0.014,2.4276E-06,8.5436E-09,220292
0,0.01425,2.29358E-06,7.65766E-09,213175
0,0.0145,2.17397E-06,7.41726E-09,206269
0,0.01475,2.06329E-06,7.04453E-09,199698
0,0.015,1.95018E-06,6.8806E-09,193192
0,0.01525,1.84687E-06,6.58586E-09,186727
0,0.0155,1.75514E-06,6.46149E-09,180933
0,0.01575,1.66577E-06,6.3641E-09,175138
0,0.016,1.57861E-06,6.23074E-09,169476
0,0.01625,1.49762E-06,6.44152E-09,163947
0,0.0165,1.42796E-06,6.70977E-09,158823
0,0.01675,1.35667E-06,6.61587E-09,153930
0,0.017,1.28621E-06,6.52747E-09,148929
0,0.01725,1.22004E-06,6.27777E-09,144160
0,0.0175,1.16606E-06,9.30009E-09,139992
0,0.01775,1.11218E-06,9.31728E-09,136032
0,0.018,1.0537E-06,8.87882E-09,132160
0,0.01825,1.00046E-06,8.86233E-09,128314
0,0.0185,9.55919E-07,8.73519E-09,124851
0,0.01875,9.12595E-07,8.68925E-09,121391
0,0.019,8.62888E-07,5.0417E-09,117395
0,0.01925,8.14181E-07,4.15817E-09,113834
0,0.0195,7.74497E-07,4.10701E-09,110238
0,0.01975,7.38025E-07,4.01566E-09,106687
0,0.02,6.98418E-07,3.86211E-09,103326
0,0.02025,6.67577E-07,4.08356E-09,100368
0,0.0205,6.36251E-07,4.06358E-09,97644
0,0.02075,6.08907E-07,4.8657E-09,94704
0,0.021,5.86206E-07,6.08882E-09,92072
0,0.02125,5.59426E-07,5.92366E-09,89610
0,0.0215,5.37283E-07,5.92176E-09,87080
0,0.02175,5.13812E-07,6.07467E-09,84621
0,0.022,4.92787E-07,6.07907E-09,82450
0,0.02225,4.72675E-07,5.4528E-09,80355
0,0.0225,4.49759E-07,4.24516E-09,78405
0,0.02275,4.29879E-07,4.17083E-09,76409
0,0.023,4.09973E-07,4.07782E-09,74573
0,0.02325,3.90648E-07,3.53588E-09,72572
0,0.0235,3.71878E-07,3.23721E-09,70542
0,0.02375,3.54913E-07,3.15033E-09,68681
0,0.024,3.37113E-07,2.77003E-09,66616
0,0.02425,3.23636E-07,2.85118E-09,64923
0,0.0245,3.08625E-07,2.82171E-09,63006
0,0.02475,2.95035E-07,2.98737E-09,61363
0,0.025,2.82892E-07,3.3011E-09,59751
0,0.02525,2.71195E-07,3.48932E-09,58265
0,0.0255,2.59672E-07,3.30853E-09,56953
0,0.02575,2.46562E-07,3.15881E-09,55327
0,0.026,2.3761E-07,3.22037E-09,54081
0,0.02625,2.26093E-07,2.87616E-09,52712
0,0.0265,2.14676E-07,2.36014E-09,51496
0,0.02675,2.06261E-07,2.16E-09,50139
0,0.027,1.99294E-07,2.26534E-09,48974
0,0.02725,1.92161E-07,2.25839E-09,48021
0,0.0275,1.87234E-07,3.24001E-09,46945
0,0.02775,1.79139E-07,3.20227E-09,45806
0,0.028,1.72246E-07,3.20448E-09,44664
0,0.02825,1.6672E-07,4.46451E-09,43536
0,0.0285,1.56768E-07,3.0166E-09,42324
0,0.02875,1.5056E-07,3.93402E-09,40245
0,0.029,1.31805E-07,3.0345E-09,36435
0,0.02925,1.16861E-07,2.99737E-09,32534
0,0.0295,1.02661E-07,2.96028E-09,28677
0,0.02975,8.54167E-08,1.70655E-09,24981
0,0.03,6.92735E-08,1.50151E-09,21171
0,0.03025,5.8258E-08,9.68903E-10,18418
0,0.0305,5.46594E-08,9.05203E-10,17611
0,0.03075,5.26752E-08,9.60495E-10,17141
0,0.031,5.04484E-08,9.91147E-10,16703
0,0.03125,4.87424E-08,1.14579E-09,16087
0,0.0315,4.73569E-08,1.13518E-09,15834
0,0.03175,4.49515E-08,9.94148E-10,15467
0,0.032,4.30894E-08,9.28844E-10,15076
0,0.03225,4.18799E-08,9.91139E-10,14769
0,0.0325,3.9832E-08,8.90523E-10,14424
0,0.03275,3.80654E-08,6.87449E-10,14164
0,0.033,3.67263E-08,6.73392E-10,13808
0,0.03325,3.53971E-08,6.68888E-10,13510
0,0.0335,3.40538E-08,6.5337E-10,13219
0,0.03375,3.27986E-08,6.31022E-10,12846
0,0.034,3.19345E-08,6.54813E-10,12506
0,0.03425,3.08947E-08,6.30119E-10,12363
0,0.0345,3.00542E-08,6.2845E-10,12143
0,0.03475,2.88992E-08,5.8725E-10,11895
0,0.035,2.79571E-08,5.73668E-10,11683
0,0.03525,2.70244E-08,5.63938E-10,11496
0,0.0355,2.61493E-08,5.30289E-10,11368
0,0.03575,2.55408E-08,7.23052E-10,11030
0,0.036,2.56404E-08,8.7698E-10,10848
0,0.03625,2.50724E-08,8.78682E-10,10639
0,0.0365,2.39198E-08,7.14941E-10,10350
0,0.03675,2.29761E-08,7.03448E-10,10157
0,0.037,2.2404E-08,6.92168E-10,9918
0,0.03725,2.12895E-08,4.87556E-10,9753
0,0.0375,2.01822E-08,4.66209E-10,9502
0,0.03775,1.93829E-08,4.43631E-10,9351
0,0.038,1.83365E-08,3.93352E-10,9187
0,0.03825,1.7845E-08,4.41636E-10,8942
0,0.0385,1.74949E-08,5.00501E-10,8757
0,0.03875,1.72292E-08,4.96255E-10,8628
0,0.039,1.66019E-08,4.89486E-10,8441
0,0.03925,1.58112E-08,4.33272E-10,8210
0,0.0395,1.54781E-08,4.30833E-10,8089
0,0.03975,1.4911E-08,3.58693E-10,7938
0,0.04,1.43319E-08,3.52142E-10,7793
0,0.04025,1.37822E-08,3.36102E-10,7609
0,0.0405,1.378E-08,3.45797E-10,7551
0,0.04075,1.34616E-08,3.40889E-10,7482
0,0.041,1.31462E-08,3.43531E-10,7301
0,0.04125,1.28842E-08,3.47198E-10,7204
0,0.0415,1.27631E-08,3.57327E-10,7046
0,0.04175,1.21498E-08,3.47831E-10,6892
0,0.042,1.16447E-08,3.33186E-10,6745
0,0.04225,1.15203E-08,3.73523E-10,6559
0,0.0425,1.14059E-08,4.48232E-10,6450
0,0.04275,1.11218E-08,4.3826E-10,6316
0,0.043,1.07188E-08,4.32101E-10,6257
0,0.04325,1.0508E-08,4.29586E-10,6156
0,0.0435,9.88851E-09,3.44878E-10,5944
0,0.04375,9.30488E-09,2.93771E-10,5859
0,0.044,8.73355E-09,2.52207E-10,5723
0,0.04425,8.34277E-09,2.33837E-10,5642
0,0.0445,8.12851E-09,2.4822E-10,5509
0,0.04475,7.80918E-09,2.41973E-10,5407
0,0.045,7.6824E-09,2.3898E-10,5449
0,0.04525,7.57132E-09,2.28622E-10,5352
0,0.0455,7.59512E-09,2.37989E-10,5331
0,0.04575,7.48272E-09,2.46794E-10,5219
0,0.046,7.14979E-09,2.10854E-10,5072
0,0.04625,7.13755E-09,2.12201E-10,5048
0,0.0465,6.9163E-09,2.16651E-10,4929
0,0.04675,6.63689E-09,2.1298E-10,4854
0,0.047,6.43995E-09,2.11266E-10,4710
0,0.04725,6.09103E-09,1.96039E-10,4584
0,0.0475,5.9039E-09,1.91184E-10,4522
0,0.04775,5.63409E-09,1.84874E-10,4372
0,0.048,5.48073E-09,1.79271E-10,4293
0,0.04825,5.3689E-09,1.84983E-10,4194
0,0.0485,5.24731E-09,1.76278E-10,4129
0,0.04875,5.16906E-09,1.74405E-10,4151
0,0.049,5.06961E-09,1.74192E-10,4130
0,0.04925,5.00271E-09,1.75552E-10,4085
0,0.0495,4.85434E-09,1.66115E-10,3985
0,0.04975,4.86292E-09,1.69604E-10,3957
0,0.05,4.72768E-09,1.64175E-10,3896
0,0.05025,4.60025E-09,1.58367E-10,3796
0,0.0505,4.4869E-09,1.56393E-10,3723
0,0.05075,4.36493E-09,1.55685E-10,3637
0,0.051,4.27778E-09,1.57865E-10,3633
0,0.05125,4.14846E-09,1.64343E-10,3544
0,0.0515,3.87339E-09,1.44884E-10,3471
0,0.05175,3.82463E-09,1.53392E-10,3384
0,0.052,3.80094E-09,1.5831E-10,3307
0,0.05225,3.71089E-09,1.553E-10,3323
0,0.0525,3.59793E-09,1.49493E-10,3222
0,0.05275,3.47819E-09,1.42905E-10,3131
0,0.053,3.39279E-09,1.41852E-10,3049
0,0.05325,3.23733E-09,1.29982E-10,3006
0,0.0535,3.12181E-09,1.27847E-10,2971
0,0.05375,3.12082E-09,1.29511E-10,2870
0,0.054,3.01176E-09,1.28442E-10,2803
0,0.05425,2.9726E-09,1.27179E-10,2789
0,0.0545,2.82039E-09,1.22932E-10,2759
0,0.05475,2.78257E-09,1.22653E-10,2731
0,0.055,2.77358E-09,1.20715E-10,2709
0,0.05525,2.5628E-09,1.11369E-10,2639
0,0.0555,2.471E-09,1.07812E-10,2604
0,0.05575,2.2873E-09,1.00781E-10,2534
0,0.056,2.34906E-09,1.02244E-10,2517
0,0.05625,2.35289E-09,1.04839E-10,2484
0,0.0565,2.21509E-09,1.07644E-10,2398
0,0.05675,2.21464E-09,1.14019E-10,2370
0,0.057,2.15735E-09,1.12936E-10,2357
0,0.05725,2.14065E-09,1.06793E-10,2376
0,0.0575,2.12151E-09,1.11903E-10,2355
0,0.05775,2.12314E-09,1.16588E-10,2312
0,0.058,2.14931E-09,1.16791E-10,2325
0,0.05825,2.0339E-09,1.09538E-10,2305
0,0.0585,2.02188E-09,1.10526E-10,2270
0,0.05875,1.93649E-09,1.07525E-10,2223
0,0.059,1.92486E-09,1.04264E-10,2179
0,0.05925,1.74098E-09,9.03112E-11,2121
0,0.0595,1.62953E-09,8.22488E-11,2052
0,0.05975,1.67232E-09,8.61501E-11,2019
0,0.06,1.67679E-09,9.3819E-11,1950
0,0.06025,1.71989E-09,9.6524E-11,1896
0,0.0605,1.6139E-09,9.49758E-11,1839
0,0.06075,1.66433E-09,9.98477E-11,1825
0,0.061,1.64187E-09,1.00823E-10,1790
0,0.06125,1.58985E-09,1.04998E-10,1724
0,0.0615,1.52069E-09,9.64207E-11,1705
0,0.06175,1.42715E-09,9.31136E-11,1673
0,0.062,1.43006E-09,9.36914E-11,1633
0,0.06225,1.38942E-09,9.06243E-11,1602
0,0.0625,1.35712E-09,8.88851E-11,1592
0,0.06275,1.27246E-09,7.9433E-11,1574
0,0.063,1.2005E-09,7.68193E-11,1540
0,0.06325,1.23486E-09,7.75678E-11,1527
0,0.0635,1.12545E-09,6.86623E-11,1514
0,0.06375,1.06404E-09,7.2326E-11,1505
0,0.064,9.91421E-10,6.09831E-11,1445
0,0.06425,1.0028E-09,6.26513E-11,1442
0,0.0645,1.02984E-09,6.57849E-11,1446
0,0.06475,9.91129E-10,8.97863E-11,1403
0,0.065,1.0732E-09,1.00168E-10,1400
0,0.06525,1.02195E-09,7.86178E-11,1353
0,0.0655,9.98325E-10,7.68396E-11,1350
0,0.06575,9.30649E-10,7.43704E-11,1282
0,0.066,9.21198E-10,7.50441E-11,1242
0,0.06625,9.16127E-10,6.78042E-11,1261
0,0.0665,8.51958E-10,5.99611E-11,1231
0,0.06675,8.36082E-10,5.72166E-11,1250
0,0.067,8.13158E-10,5.97169E-11,1209
0,0.06725,8.36696E-10,6.09139E-11,1224
0,0.0675,7.60355E-10,5.34692E-11,1187
0,0.06775,7.78146E-10,5.68092E-11,1154
0,0.068,7.4817E-10,5.6223E-11,1119
0,0.06825,6.91146E-10,5.39356E-11,1056
0,0.0685,6.8362E-10,5.51902E-11,1043
0,0.06875,6.80759E-10,5.72794E-11,1037
0,0.069,6.77596E-10,5.86927E-11,1025
0,0.06925,6.07086E-10,5.33061E-11,1000
0,0.0695,5.91905E-10,5.05449E-11,1005
0,0.06975,5.88658E-10,5.14123E-11,1014
0,0.07,5.67886E-10,4.8247E-11,1009
0,0.07025,5.41358E-10,4.4029E-11,992
0,0.0705,5.51047E-10,4.53695E-11,994
0,0.07075,5.47285E-10,4.56155E-11,972
0,0.071,5.31415E-10,4.49432E-11,958
0,0.07125,4.88609E-10,4.19877E-11,918
0,0.0715,4.68771E-10,3.88612E-11,904
0,0.07175,4.46449E-10,3.81204E-11,862
0,0.072,4.07989E-10,3.45121E-11,835
0,0.07225,4.09045E-10,3.42655E-11,835
0,0.0725,3.69844E-10,3.06952E-11,796
0,0.07275,3.91292E-10,3.37712E-11,801
0,0.073,4.12009E-10,3.63855E-11,800
0,0.07325,4.16398E-10,3.67564E-11,810
0,0.0735,4.34362E-10,3.76789E-11,816
0,0.07375,4.15615E-10,3.85574E-11,808
0,0.074,4.07656E-10,3.94088E-11,800
0,0.07425,4.25987E-10,4.13027E-11,765
0,0.0745,3.80117E-10,3.83284E-11,764
0,0.07475,3.52686E-10,3.64367E-11,739
0,0.075,3.5678E-10,3.93239E-11,716
0,0.07525,3.28153E-10,3.69015E-11,688
0,0.0755,3.57685E-10,3.78947E-11,683
0,0.07575,3.41239E-10,3.52292E-11,688
0,0.076,3.6349E-10,4.00582E-11,677
0,0.07625,3.75452E-10,4.15203E-11,670
0,0.0765,3.63635E-10,3.89703E-11,686
0,0.07675,3.67752E-10,4.00865E-11,682
0,0.077,3.40561E-10,3.8899E-11,666
0,0.07725,3.19054E-10,3.63575E-11,653
0,0.0775,3.07064E-10,3.32462E-11,613
0,0.07775,3.09295E-10,3.33754E-11,620
0,0.078,2.78854E-10,3.08899E-11,585
0,0.07825,2.5825E-10,2.75684E-11,568
0,0.0785,2.67013E-10,2.79519E-11,569
0,0.07875,2.58414E-10,2.78166E-11,550
0,0.079,2.3869E-10,2.65431E-11,544
0,0.07925,2.13555E-10,2.4049E-11,524
0,0.0795,2.17216E-10,2.66931E-11,524
0,0.07975,2.26729E-10,2.792E-11,522
0,0.08,2.14095E-10,2.74254E-11,514
0,0.08025,1.81335E-10,2.35397E-11,510
0,0.0805,1.90272E-10,2.66292E-11,516
0,0.08075,2.0461E-10,3.33058E-11,507
0,0.081,1.77999E-10,2.54604E-11,489
0,0.08125,1.92542E-10,3.4305E-11,501
0,0.0815,1.93397E-10,3.45363E-11,486
0,0.08175,2.30239E-10,3.7866E-11,466
0,0.082,2.11957E-10,3.48304E-11,455
0,0.08225,2.00241E-10,2.6324E-11,468
0,0.0825,2.21912E-10,2.92343E-11,458
0,0.08275,1.96646E-10,2.65391E-11,423
0,0.083,1.84487E-10,2.55048E-11,423
0,0.08325,1.75809E-10,2.3536E-11,428
0,0.0835,1.91998E-10,2.67095E-11,411
0,0.08375,1.7415E-10,2.50912E-11,373
0,0.084,1.66702E-10,2.39438E-11,367
0,0.08425,1.79535E-10,2.48688E-11,361
0,0.0845,1.66429E-10,2.37023E-11,346
0,0.08475,1.48873E-10,2.17162E-11,346
0,0.085,1.26824E-10,1.8642E-11,340
0,0.08525,1.33469E-10,1.97852E-11,337
0,0.0855,1.17162E-10,1.62695E-11,350
0,0.08575,1.07205E-10,1.54616E-11,347
0,0.086,1.07643E-10,1.54989E-11,344
0,0.08625,1.10655E-10,1.74471E-11,329
0,0.0865,1.08871E-10,1.60208E-11,335
0,0.08675,1.07292E-10,1.58427E-11,336
0,0.087,1.20482E-10,1.88682E-11,324
0,0.08725,1.26853E-10,2.00201E-11,314
0,0.0875,1.28548E-10,2.02207E-11,319
0,0.08775,1.06735E-10,1.65752E-11,323
0,0.088,1.03443E-10,1.6474E-11,318
0,0.08825,9.61395E-11,1.52219E-11,302
0,0.0885,6.97289E-11,1.02938E-11,276
0,0.08875,6.66437E-11,9.42326E-12,282
0,0.089,7.20247E-11,1.03555E-11,275
0,0.08925,8.40635E-11,1.26215E-11,270
0,0.0895,7.9716E-11,1.2528E-11,250
0,0.08975,8.69175E-11,1.4259E-11,261
0,0.09,8.9375E-11,1.47273E-11,267
0,0.09025,8.80773E-11,1.53973E-11,253
0,0.0905,8.00276E-11,1.48442E-11,253
0,0.09075,6.98834E-11,1.25454E-11,242
0,0.091,8.41419E-11,1.52038E-11,256
0,0.09125,6.99933E-11,1.27758E-11,254
0,0.0915,7.15122E-11,1.24687E-11,251
0,0.09175,6.77928E-11,1.16243E-11,244
0,0.092,6.10752E-11,1.06505E-11,223
0,0.09225,5.75425E-11,1.03811E-11,217
0,0.0925,4.75696E-11,8.0164E-12,213
0,0.09275,4.83033E-11,8.43058E-12,205
0,0.093,5.90314E-11,1.30262E-11,206
0,0.09325,6.19171E-11,1.35217E-11,204
0,0.0935,6.70426E-11,1.37249E-11,215
0,0.09375,6.40704E-11,1.32648E-11,213
0,0.094,5.80583E-11,1.29891E-11,192
0,0.09425,5.49523E-11,1.04771E-11,189
0,0.0945,3.99136E-11,7.59902E-12,177
0,0.09475,3.63129E-11,6.9464E-12,190
0,0.095,2.98602E-11,6.34391E-12,184
0,0.09525,3.5701E-11,7.46223E-12,191
0,0.0955,4.235E-11,9.28695E-12,193
0,0.09575,3.76606E-11,8.60983E-12,191
0,0.096,3.97388E-11,9.19872E-12,183
0,0.09625,5.08282E-11,1.24952E-11,175
0,0.0965,5.61177E-11,1.29626E-11,170
0,0.09675,5.21378E-11,1.25182E-11,163
0,0.097,5.62966E-11,1.42686E-11,163
0,0.09725,6.38196E-11,1.60956E-11,172
0,0.0975,5.89197E-11,1.56771E-11,173
0,0.09775,4.30443E-11,1.146E-11,158
0,0.098,4.21504E-11,1.17657E-11,157
0,0.09825,3.91984E-11,1.15925E-11,150
0,0.0985,2.75169E-11,7.55363E-12,154
0,0.09875,2.07232E-11,5.08372E-12,141
0,0.099,2.36295E-11,5.34332E-12,146
0,0.09925,2.05504E-11,3.84464E-12,147
0,0.0995,1.88169E-11,3.71028E-12,140
0,0.09975,1.58527E-11,3.3114E-12,123
0,0.1,1.325E-11,2.95252E-12,95
0,0.10025,9.8452E-12,2.6806E-12,72
0,0.1005,5.64408E-12,2.02982E-12,46
0,0.10075,1.53406E-12,6.5885E-13,26
0,0.101,1.71808E-13,1.08373E-13,5
0,0.10125,0,0,0
0,0.1015,0,0,0
0,0.10175,0,0,0
0,0.102,0,0,0
0,0.10225,0,0,0
0,0.1025,0,0,0
0,0.10275,0,0,0
0,0.103,0,0,0
0,0.10325,0,0,0
0,0.1035,0,0,0
0,0.10375,0,0,0
0,0.104,0,0,0
0,0.10425,0,0,0
0,0.1045,0,0,0
0,0.10475,0,0,0
0,0.105,0,0,0
0,0.10525,0,0,0
0,0.1055,0,0,0
0,0.10575,0,0,0
0,0.106,0,0,0
0,0.10625,0,0,0
0,0.1065,0,0,0
0,0.10675,0,0,0
0,0.107,0,0,0
0,0.10725,0,0,0
0,0.1075,0,0,0
0,0.10775,0,0,0
0,0.108,0,0,0
0,0.10825,0,0,0
0,0.1085,0,0,0
0,0.10875,0,0,0
0,0.109,0,0,0
0,0.10925,0,0,0
0,0.1095,0,0,0
0,0.10975,0,0,0
0,0.11,0,0,0
0,0.11025,0,0,0
0,0.1105,0,0,0
0,0.11075,0,0,0
0,0.111,0,0,0
0,0.11125,0,0,0
0,0.1115,0,0,0
0,0.11175,0,0,0
0,0.112,0,0,0
0,0.11225,0,0,0
0,0.1125,0,0,0
0,0.11275,0,0,0
0,0.113,0,0,0
0,0.11325,0,0,0
0,0.1135,0,0,0
0,0.11375,0,0,0
0,0.114,0,0,0
0,0.11425,0,0,0
0,0.1145,0,0,0
0,0.11475,0,0,0
0,0.115,0,0,0
0,0.11525,0,0,0
0,0.1155,0,0,0
0,0.11575,0,0,0
0,0.116,0,0,0
0,0.11625,0,0,0
0,0.1165,0,0,0
0,0.11675,0,0,0
0,0.117,0,0,0
0,0.11725,0,0,0
0,0.1175,0,0,0
0,0.11775,0,0,0
0,0.118,0,0,0
0,0.11825,0,0,0
0,0.1185,0,0,0
0,0.11875,0,0,0
0,0.119,0,0,0
0,0.11925,0,0,0
0,0.1195,0,0,0
0,0.11975,0,0,0
0,0.12,0,0,0
0,0.12025,0,0,0
0,0.1205,0,0,0
0,0.12075,0,0,0
0,0.121,0,0,0
0,0.12125,0,0,0
0,0.1215,0,0,0
0,0.12175,0,0,0
0,0.122,0,0,0
0,0.12225,0,0,0
0,0.1225,0,0,0
0,0.12275,0,0,0
0,0.123,0,0,0
0,0.12325,0,0,0
0,0.1235,0,0,0
0,0.12375,0,0,0
0,0.124,0,0,0
0,0.12425,0,0,0
0,0.1245,0,0,0
0,0.12475,0,0,0
0,0.125,0,0,0
0,0.12525,0,0,0
0,0.1255,0,0,0
0,0.12575,0,0,0
0,0.126,0,0,0
0,0.12625,0,0,0
0,0.1265,0,0,0
0,0.12675,0,0,0
0,0.127,0,0,0
0,0.12725,0,0,0
0,0.1275,0,0,0
0,0.12775,0,0,0
0,0.128,0,0,0
0,0.12825,0,0,0
0,0.1285,0,0,0
0,0.12875,0,0,0
0,0.129,0,0,0
0,0.12925,0,0,0
0,0.1295,0,0,0
0,0.12975,0,0,0
0,0.13,0,0,0
0,0.13025,0,0,0
0,0.1305,0,0,0
0,0.13075,0,0,0
0,0.131,0,0,0
0,0.13125,0,0,0
0,0.1315,0,0,0
0,0.13175,0,0,0
0,0.132,0,0,0
0,0.13225,0,0,0
0,0.1325,0,0,0
0,0.13275,0,0,0
0,0.133,0,0,0
0,0.13325,0,0,0
0,0.1335,0,0,0
0,0.13375,0,0,0
0,0.134,0,0,0
0,0.13425,0,0,0
0,0.1345,0,0,0
0,0.13475,0,0,0
0,0.135,0,0,0
0,0.13525,0,0,0
0,0.1355,0,0,0
0,0.13575,0,0,0
0,0.136,0,0,0
0,0.13625,0,0,0
0,0.1365,0,0,0
0,0.13675,0,0,0
0,0.137,0,0,0
0,0.13725,0,0,0
0,0.1375,0,0,0
0,0.13775,0,0,0
0,0.138,0,0,0
0,0.13825,0,0,0
0,0.1385,0,0,0
0,0.13875,0,0,0
0,0.139,0,0,0
0,0.13925,0,0,0
0,0.1395,0,0,0
0,0.13975,0,0,0
0,0.14,0,0,0
0,0.14025,0,0,0
0,0.1405,0,0,0
0,0.14075,0,0,0
0,0.141,0,0,0
0,0.14125,0,0,0
0,0.1415,0,0,0
0,0.14175,0,0,0
0,0.142,0,0,0
0,0.14225,0,0,0
0,0.1425,0,0,0
0,0.14275,0,0,0
0,0.143,0,0,0
0,0.14325,0,0,0
0,0.1435,0,0,0
0,0.14375,0,0,0
0,0.144,0,0,0
0,0.14425,0,0,0
0,0.1445,0,0,0
0,0.14475,0,0,0
0,0.145,0,0,0
0,0.14525,0,0,0
0,0.1455,0,0,0
0,0.14575,0,0,0
0,0.146,0,0,0
0,0.14625,0,0,0
0,0.1465,0,0,0
0,0.14675,0,0,0
0,0.147,0,0,0
0,0.14725,0,0,0
0,0.1475,0,0,0
0,0.14775,0,0,0
0,0.148,0,0,0
0,0.14825,0,0,0
0,0.1485,0,0,0
0,0.14875,0,0,0
0,0.149,0,0,0
0,0.14925,0,0,0
0,0.1495,0,0,0
0,0.14975,0,0,0
0,0.15,0,0,0
0,0.15025,0,0,0
0,0.1505,0,0,0
0,0.15075,0,0,0
0,0.151,0,0,0
0,0.15125,0,0,0
0,0.1515,0,0,0
0,0.15175,0,0,0
0,0.152,0,0,0
0,0.15225,0,0,0
0,0.1525,0,0,0
0,0.15275,0,0,0
0,0.153,0,0,0
0,0.15325,0,0,0
0,0.1535,0,0,0
0,0.15375,0,0,0
0,0.154,0,0,0
0,0.15425,0,0,0
0,0.1545,0,0,0
0,0.15475,0,0,0
0,0.155,0,0,0
0,0.15525,0,0,0
0,0.1555,0,0,0
0,0.15575,0,0,0
0,0.156,0,0,0
0,0.15625,0,0,0
0,0.1565,0,0,0
0,0.15675,0,0,0
0,0.157,0,0,0
0,0.15725,0,0,0
0,0.1575,0,0,0
0,0.15775,0,0,0
0,0.158,0,0,0
0,0.15825,0,0,0
0,0.1585,0,0,0
0,0.15875,0,0,0
0,0.159,0,0,0
0,0.15925,0,0,0
0,0.1595,0,0,0
0,0.15975,0,0,0
0,0.16,0,0,0
0,0.16025,0,0,0
0,0.1605,0,0,0
0,0.16075,0,0,0
0,0.161,0,0,0
0,0.16125,0,0,0
0,0.1615,0,0,0
0,0.16175,0,0,0
0,0.162,0,0,0
0,0.16225,0,0,0
0,0.1625,0,0,0
0,0.16275,0,0,0
0,0.163,0,0,0
0,0.16325,0,0,0
0,0.1635,0,0,0
0,0.16375,0,0,0
0,0.164,0,0,0
0,0.16425,0,0,0
0,0.1645,0,0,0
0,0.16475,0,0,0
0,0.165,0,0,0
0,0.16525,0,0,0
0,0.1655,0,0,0
0,0.16575,0,0,0
0,0.166,0,0,0
0,0.16625,0,0,0
0,0.1665,0,0,0
0,0.16675,0,0,0
0,0.167,0,0,0
0,0.16725,0,0,0
0,0.1675,0,0,0
0,0.16775,0,0,0
0,0.168,0,0,0
0,0.16825,0,0,0
0,0.1685,0,0,0
0,0.16875,0,0,0
0,0.169,0,0,0
0,0.16925,0,0,0
0,0.1695,0,0,0
0,0.16975,0,0,0
0,0.17,0,0,0
0,0.17025,0,0,0
0,0.1705,0,0,0
0,0.17075,0,0,0
0,0.171,0,0,0
0,0.17125,0,0,0
0,0.1715,0,0,0
0,0.17175,0,0,0
0,0.172,0,0,0
0,0.17225,0,0,0
0,0.1725,0,0,0
0,0.17275,0,0,0
0,0.173,0,0,0
0,0.17325,0,0,0
0,0.1735,0,0,0
0,0.17375,0,0,0
0,0.174,0,0,0
0,0.17425,0,0,0
0,0.1745,0,0,0
0,0.17475,0,0,0
0,0.175,0,0,0
0,0.17525,0,0,0
0,0.1755,0,0,0
0,0.17575,0,0,0
0,0.176,0,0,0
0,0.17625,0,0,0
0,0.1765,0,0,0
0,0.17675,0,0,0
0,0.177,0,0,0
0,0.17725,0,0,0
0,0.1775,0,0,0
0,0.17775,0,0,0
0,0.178,0,0,0
0,0.17825,0,0,0
0,0.1785,0,0,0
0,0.17875,0,0,0
0,0.179,0,0,0
0,0.17925,0,0,0
0,0.1795,0,0,0
0,0.17975,0,0,0
0,0.18,0,0,0
0,0.18025,0,0,0
0,0.1805,0,0,0
0,0.18075,0,0,0
0,0.181,0,0,0
0,0.18125,0,0,0
0,0.1815,0,0,0
0,0.18175,0,0,0
0,0.182,0,0,0
0,0.18225,0,0,0
0,0.1825,0,0,0
0,0.18275,0,0,0
0,0.183,0,0,0
0,0.18325,0,0,0
0,0.1835,0,0,0
0,0.18375,0,0,0
0,0.184,0,0,0
0,0.18425,0,0,0
0,0.1845,0,0,0
0,0.18475,0,0,0
0,0.185,0,0,0
0,0.18525,0,0,0
0,0.1855,0,0,0
0,0.18575,0,0,0
0,0.186,0,0,0
0,0.18625,0,0,0
0,0.1865,0,0,0
0,0.18675,0,0,0
0,0.187,0,0,0
0,0.18725,0,0,0
0,0.1875,0,0,0
0,0.18775,0,0,0
0,0.188,0,0,0
0,0.18825,0,0,0
0,0.1885,0,0,0
0,0.18875,0,0,0
0,0.189,0,0,0
0,0.18925,0,0,0
0,0.1895,0,0,0
